<?xml version="1.0" encoding="UTF-8" ?>
<testsuite failures="0" time="0.426" errors="0" skipped="0" tests="3" name="mx.bigdata.anyobject.impl.JacksonJSONLoaderTest">
  <properties>
    <property name="java.runtime.name" value="Java(TM) SE Runtime Environment"/>
    <property name="sun.boot.library.path" value="/System/Library/Java/JavaVirtualMachines/1.6.0.jdk/Contents/Libraries"/>
    <property name="java.vm.version" value="20.1-b02-383"/>
    <property name="awt.nativeDoubleBuffering" value="true"/>
    <property name="gopherProxySet" value="false"/>
    <property name="mrj.build" value="11A511"/>
    <property name="java.vm.vendor" value="Apple Inc."/>
    <property name="java.vendor.url" value="http://www.apple.com/"/>
    <property name="path.separator" value=":"/>
    <property name="java.vm.name" value="Java HotSpot(TM) 64-Bit Server VM"/>
    <property name="file.encoding.pkg" value="sun.io"/>
    <property name="user.country" value="US"/>
    <property name="sun.java.launcher" value="SUN_STANDARD"/>
    <property name="sun.os.patch.level" value="unknown"/>
    <property name="java.vm.specification.name" value="Java Virtual Machine Specification"/>
    <property name="user.dir" value="/Users/rodrigo/src/github/AnyObject"/>
    <property name="java.runtime.version" value="1.6.0_26-b03-383-11A511"/>
    <property name="java.awt.graphicsenv" value="apple.awt.CGraphicsEnvironment"/>
    <property name="basedir" value="/Users/rodrigo/src/github/AnyObject"/>
    <property name="java.endorsed.dirs" value="/System/Library/Java/JavaVirtualMachines/1.6.0.jdk/Contents/Home/lib/endorsed"/>
    <property name="os.arch" value="x86_64"/>
    <property name="surefire.real.class.path" value="/Users/rodrigo/src/github/AnyObject/target/surefire/surefirebooter5355426828573012166.jar"/>
    <property name="java.io.tmpdir" value="/var/folders/mv/ml8046l936jfwv6z19rsqtrc0000gn/T/"/>
    <property name="line.separator" value="
"/>
    <property name="java.vm.specification.vendor" value="Sun Microsystems Inc."/>
    <property name="os.name" value="Mac OS X"/>
    <property name="sun.jnu.encoding" value="MacRoman"/>
    <property name="java.library.path" value=".:/Library/Java/Extensions:/System/Library/Java/Extensions:/usr/lib/java"/>
    <property name="surefire.test.class.path" value="/Users/rodrigo/src/github/AnyObject/target/test-classes:/Users/rodrigo/src/github/AnyObject/target/classes:/Users/rodrigo/.m2/repository/junit/junit/4.8.1/junit-4.8.1.jar:/Users/rodrigo/.m2/repository/org/yaml/snakeyaml/1.7/snakeyaml-1.7.jar:/Users/rodrigo/.m2/repository/org/codehaus/jackson/jackson-mapper-asl/1.7.4/jackson-mapper-asl-1.7.4.jar:/Users/rodrigo/.m2/repository/org/codehaus/jackson/jackson-core-asl/1.7.4/jackson-core-asl-1.7.4.jar:"/>
    <property name="java.specification.name" value="Java Platform API Specification"/>
    <property name="java.class.version" value="50.0"/>
    <property name="sun.management.compiler" value="HotSpot 64-Bit Tiered Compilers"/>
    <property name="os.version" value="10.7"/>
    <property name="http.nonProxyHosts" value="local|*.local|169.254/16|*.169.254/16"/>
    <property name="user.home" value="/Users/rodrigo"/>
    <property name="user.timezone" value="America/Mexico_City"/>
    <property name="java.awt.printerjob" value="apple.awt.CPrinterJob"/>
    <property name="java.specification.version" value="1.6"/>
    <property name="file.encoding" value="MacRoman"/>
    <property name="user.name" value="rodrigo"/>
    <property name="java.class.path" value="/Users/rodrigo/src/github/AnyObject/target/test-classes:/Users/rodrigo/src/github/AnyObject/target/classes:/Users/rodrigo/.m2/repository/junit/junit/4.8.1/junit-4.8.1.jar:/Users/rodrigo/.m2/repository/org/yaml/snakeyaml/1.7/snakeyaml-1.7.jar:/Users/rodrigo/.m2/repository/org/codehaus/jackson/jackson-mapper-asl/1.7.4/jackson-mapper-asl-1.7.4.jar:/Users/rodrigo/.m2/repository/org/codehaus/jackson/jackson-core-asl/1.7.4/jackson-core-asl-1.7.4.jar:"/>
    <property name="java.vm.specification.version" value="1.0"/>
    <property name="sun.arch.data.model" value="64"/>
    <property name="java.home" value="/System/Library/Java/JavaVirtualMachines/1.6.0.jdk/Contents/Home"/>
    <property name="sun.java.command" value="/Users/rodrigo/src/github/AnyObject/target/surefire/surefirebooter5355426828573012166.jar /Users/rodrigo/src/github/AnyObject/target/surefire/surefire1576962111654533951tmp /Users/rodrigo/src/github/AnyObject/target/surefire/surefire3105377107213063388tmp"/>
    <property name="java.specification.vendor" value="Sun Microsystems Inc."/>
    <property name="user.language" value="en"/>
    <property name="awt.toolkit" value="apple.awt.CToolkit"/>
    <property name="java.vm.info" value="mixed mode"/>
    <property name="java.version" value="1.6.0_26"/>
    <property name="java.ext.dirs" value="/Library/Java/Extensions:/System/Library/Java/Extensions:/System/Library/Java/JavaVirtualMachines/1.6.0.jdk/Contents/Home/lib/ext"/>
    <property name="sun.boot.class.path" value="/System/Library/Java/JavaVirtualMachines/1.6.0.jdk/Contents/Classes/jsfd.jar:/System/Library/Java/JavaVirtualMachines/1.6.0.jdk/Contents/Classes/classes.jar:/System/Library/Frameworks/JavaVM.framework/Frameworks/JavaRuntimeSupport.framework/Resources/Java/JavaRuntimeSupport.jar:/System/Library/Java/JavaVirtualMachines/1.6.0.jdk/Contents/Classes/ui.jar:/System/Library/Java/JavaVirtualMachines/1.6.0.jdk/Contents/Classes/laf.jar:/System/Library/Java/JavaVirtualMachines/1.6.0.jdk/Contents/Classes/sunrsasign.jar:/System/Library/Java/JavaVirtualMachines/1.6.0.jdk/Contents/Classes/jsse.jar:/System/Library/Java/JavaVirtualMachines/1.6.0.jdk/Contents/Classes/jce.jar:/System/Library/Java/JavaVirtualMachines/1.6.0.jdk/Contents/Classes/charsets.jar"/>
    <property name="java.vendor" value="Apple Inc."/>
    <property name="localRepository" value="/Users/rodrigo/.m2/repository"/>
    <property name="file.separator" value="/"/>
    <property name="java.vendor.url.bug" value="http://bugreport.apple.com/"/>
    <property name="sun.cpu.endian" value="little"/>
    <property name="sun.io.unicode.encoding" value="UnicodeLittle"/>
    <property name="mrj.version" value="1070.1.6.0_26-383"/>
    <property name="socksNonProxyHosts" value="local|*.local|169.254/16|*.169.254/16"/>
    <property name="ftp.nonProxyHosts" value="local|*.local|169.254/16|*.169.254/16"/>
    <property name="sun.cpu.isalist" value=""/>
  </properties>
  <testcase time="0.337" classname="mx.bigdata.anyobject.impl.JacksonJSONLoaderTest" name="testJSONData"/>
  <testcase time="0.015" classname="mx.bigdata.anyobject.impl.JacksonJSONLoaderTest" name="testJSONIterator"/>
  <testcase time="0.003" classname="mx.bigdata.anyobject.impl.JacksonJSONLoaderTest" name="testNumbers"/>
</testsuite>